<?xml version="1.0" encoding="UTF-8"?>
<testng-results skipped="2" failed="1" ignored="0" total="3" passed="0">
  <reporter-output>
  </reporter-output>
  <suite name="Default suite" duration-ms="74485" started-at="2020-07-10T16:49:28Z" finished-at="2020-07-10T16:50:43Z">
    <groups>
    </groups>
    <test name="Default test" duration-ms="74485" started-at="2020-07-10T16:49:28Z" finished-at="2020-07-10T16:50:43Z">
      <class name="tests.Orderproducts">
        <test-method status="PASS" signature="checkTestSkip()[pri:0, instance:tests.Orderproducts@5c072e3f]" name="checkTestSkip" is-config="true" duration-ms="1009" started-at="2020-07-10T16:49:28Z" finished-at="2020-07-10T16:49:29Z">
          <reporter-output>
          </reporter-output>
        </test-method> <!-- checkTestSkip -->
        <test-method status="FAIL" signature="orderProducts(util.XlsReader)[pri:0, instance:tests.Orderproducts@5c072e3f]" name="orderProducts" duration-ms="70861" started-at="2020-07-10T16:49:30Z" data-provider="getTestData" finished-at="2020-07-10T16:50:41Z">
          <params>
            <param index="0">
              <value>
                <![CDATA[util.XlsReader@f0da945]]>
              </value>
            </param>
          </params>
          <exception class="java.lang.Exception">
            <full-stacktrace>
              <![CDATA[java.lang.Exception
at util.TestUtil.clickElement(TestUtil.java:39)
at pages.HomePage.chrngeCuntry(HomePage.java:66)
at tests.Orderproducts.orderProducts(Orderproducts.java:59)
at sun.reflect.NativeMethodAccessorImpl.invoke0(Native Method)
at sun.reflect.NativeMethodAccessorImpl.invoke(Unknown Source)
at sun.reflect.DelegatingMethodAccessorImpl.invoke(Unknown Source)
at java.lang.reflect.Method.invoke(Unknown Source)
at org.testng.internal.MethodInvocationHelper.invokeMethod(MethodInvocationHelper.java:124)
at org.testng.internal.Invoker.invokeMethod(Invoker.java:580)
at org.testng.internal.Invoker.invokeTestMethod(Invoker.java:716)
at org.testng.internal.Invoker.invokeTestMethods(Invoker.java:988)
at org.testng.internal.TestMethodWorker.invokeTestMethods(TestMethodWorker.java:125)
at org.testng.internal.TestMethodWorker.run(TestMethodWorker.java:109)
at org.testng.TestRunner.privateRun(TestRunner.java:648)
at org.testng.TestRunner.run(TestRunner.java:505)
at org.testng.SuiteRunner.runTest(SuiteRunner.java:455)
at org.testng.SuiteRunner.runSequentially(SuiteRunner.java:450)
at org.testng.SuiteRunner.privateRun(SuiteRunner.java:415)
at org.testng.SuiteRunner.run(SuiteRunner.java:364)
at org.testng.SuiteRunnerWorker.runSuite(SuiteRunnerWorker.java:52)
at org.testng.SuiteRunnerWorker.run(SuiteRunnerWorker.java:84)
at org.testng.TestNG.runSuitesSequentially(TestNG.java:1208)
at org.testng.TestNG.runSuitesLocally(TestNG.java:1137)
at org.testng.TestNG.runSuites(TestNG.java:1049)
at org.testng.TestNG.run(TestNG.java:1017)
at org.testng.remote.AbstractRemoteTestNG.run(AbstractRemoteTestNG.java:114)
at org.testng.remote.RemoteTestNG.initAndRun(RemoteTestNG.java:251)
at org.testng.remote.RemoteTestNG.main(RemoteTestNG.java:77)
]]>
            </full-stacktrace>
          </exception> <!-- java.lang.Exception -->
          <reporter-output>
          </reporter-output>
        </test-method> <!-- orderProducts -->
        <test-method status="PASS" signature="reportDataSetResult()[pri:0, instance:tests.Orderproducts@5c072e3f]" name="reportDataSetResult" is-config="true" duration-ms="1581" started-at="2020-07-10T16:50:41Z" finished-at="2020-07-10T16:50:42Z">
          <reporter-output>
          </reporter-output>
        </test-method> <!-- reportDataSetResult -->
        <test-method status="SKIP" signature="orderProducts(util.XlsReader)[pri:0, instance:tests.Orderproducts@5c072e3f]" name="orderProducts" duration-ms="2" started-at="2020-07-10T16:50:42Z" data-provider="getTestData" finished-at="2020-07-10T16:50:42Z">
          <params>
            <param index="0">
              <value>
                <![CDATA[util.XlsReader@b5cc23a]]>
              </value>
            </param>
          </params>
          <exception class="org.testng.SkipException">
            <message>
              <![CDATA[Runmode for test set data set to no 1]]>
            </message>
            <full-stacktrace>
              <![CDATA[org.testng.SkipException: Runmode for test set data set to no 1
at tests.Orderproducts.orderProducts(Orderproducts.java:50)
at sun.reflect.NativeMethodAccessorImpl.invoke0(Native Method)
at sun.reflect.NativeMethodAccessorImpl.invoke(Unknown Source)
at sun.reflect.DelegatingMethodAccessorImpl.invoke(Unknown Source)
at java.lang.reflect.Method.invoke(Unknown Source)
at org.testng.internal.MethodInvocationHelper.invokeMethod(MethodInvocationHelper.java:124)
at org.testng.internal.Invoker.invokeMethod(Invoker.java:580)
at org.testng.internal.Invoker.invokeTestMethod(Invoker.java:716)
at org.testng.internal.Invoker.invokeTestMethods(Invoker.java:988)
at org.testng.internal.TestMethodWorker.invokeTestMethods(TestMethodWorker.java:125)
at org.testng.internal.TestMethodWorker.run(TestMethodWorker.java:109)
at org.testng.TestRunner.privateRun(TestRunner.java:648)
at org.testng.TestRunner.run(TestRunner.java:505)
at org.testng.SuiteRunner.runTest(SuiteRunner.java:455)
at org.testng.SuiteRunner.runSequentially(SuiteRunner.java:450)
at org.testng.SuiteRunner.privateRun(SuiteRunner.java:415)
at org.testng.SuiteRunner.run(SuiteRunner.java:364)
at org.testng.SuiteRunnerWorker.runSuite(SuiteRunnerWorker.java:52)
at org.testng.SuiteRunnerWorker.run(SuiteRunnerWorker.java:84)
at org.testng.TestNG.runSuitesSequentially(TestNG.java:1208)
at org.testng.TestNG.runSuitesLocally(TestNG.java:1137)
at org.testng.TestNG.runSuites(TestNG.java:1049)
at org.testng.TestNG.run(TestNG.java:1017)
at org.testng.remote.AbstractRemoteTestNG.run(AbstractRemoteTestNG.java:114)
at org.testng.remote.RemoteTestNG.initAndRun(RemoteTestNG.java:251)
at org.testng.remote.RemoteTestNG.main(RemoteTestNG.java:77)
]]>
            </full-stacktrace>
          </exception> <!-- org.testng.SkipException -->
          <reporter-output>
          </reporter-output>
        </test-method> <!-- orderProducts -->
        <test-method status="PASS" signature="reportDataSetResult()[pri:0, instance:tests.Orderproducts@5c072e3f]" name="reportDataSetResult" is-config="true" duration-ms="172" started-at="2020-07-10T16:50:42Z" finished-at="2020-07-10T16:50:42Z">
          <reporter-output>
          </reporter-output>
        </test-method> <!-- reportDataSetResult -->
        <test-method status="SKIP" signature="orderProducts(util.XlsReader)[pri:0, instance:tests.Orderproducts@5c072e3f]" name="orderProducts" duration-ms="7" started-at="2020-07-10T16:50:42Z" data-provider="getTestData" finished-at="2020-07-10T16:50:42Z">
          <params>
            <param index="0">
              <value>
                <![CDATA[util.XlsReader@514eedd8]]>
              </value>
            </param>
          </params>
          <exception class="org.testng.SkipException">
            <message>
              <![CDATA[Runmode for test set data set to no 2]]>
            </message>
            <full-stacktrace>
              <![CDATA[org.testng.SkipException: Runmode for test set data set to no 2
at tests.Orderproducts.orderProducts(Orderproducts.java:50)
at sun.reflect.NativeMethodAccessorImpl.invoke0(Native Method)
at sun.reflect.NativeMethodAccessorImpl.invoke(Unknown Source)
at sun.reflect.DelegatingMethodAccessorImpl.invoke(Unknown Source)
at java.lang.reflect.Method.invoke(Unknown Source)
at org.testng.internal.MethodInvocationHelper.invokeMethod(MethodInvocationHelper.java:124)
at org.testng.internal.Invoker.invokeMethod(Invoker.java:580)
at org.testng.internal.Invoker.invokeTestMethod(Invoker.java:716)
at org.testng.internal.Invoker.invokeTestMethods(Invoker.java:988)
at org.testng.internal.TestMethodWorker.invokeTestMethods(TestMethodWorker.java:125)
at org.testng.internal.TestMethodWorker.run(TestMethodWorker.java:109)
at org.testng.TestRunner.privateRun(TestRunner.java:648)
at org.testng.TestRunner.run(TestRunner.java:505)
at org.testng.SuiteRunner.runTest(SuiteRunner.java:455)
at org.testng.SuiteRunner.runSequentially(SuiteRunner.java:450)
at org.testng.SuiteRunner.privateRun(SuiteRunner.java:415)
at org.testng.SuiteRunner.run(SuiteRunner.java:364)
at org.testng.SuiteRunnerWorker.runSuite(SuiteRunnerWorker.java:52)
at org.testng.SuiteRunnerWorker.run(SuiteRunnerWorker.java:84)
at org.testng.TestNG.runSuitesSequentially(TestNG.java:1208)
at org.testng.TestNG.runSuitesLocally(TestNG.java:1137)
at org.testng.TestNG.runSuites(TestNG.java:1049)
at org.testng.TestNG.run(TestNG.java:1017)
at org.testng.remote.AbstractRemoteTestNG.run(AbstractRemoteTestNG.java:114)
at org.testng.remote.RemoteTestNG.initAndRun(RemoteTestNG.java:251)
at org.testng.remote.RemoteTestNG.main(RemoteTestNG.java:77)
]]>
            </full-stacktrace>
          </exception> <!-- org.testng.SkipException -->
          <reporter-output>
          </reporter-output>
        </test-method> <!-- orderProducts -->
        <test-method status="PASS" signature="reportDataSetResult()[pri:0, instance:tests.Orderproducts@5c072e3f]" name="reportDataSetResult" is-config="true" duration-ms="162" started-at="2020-07-10T16:50:42Z" finished-at="2020-07-10T16:50:42Z">
          <reporter-output>
          </reporter-output>
        </test-method> <!-- reportDataSetResult -->
        <test-method status="PASS" signature="endtest()[pri:0, instance:tests.Orderproducts@5c072e3f]" name="endtest" is-config="true" duration-ms="462" started-at="2020-07-10T16:50:42Z" finished-at="2020-07-10T16:50:43Z">
          <reporter-output>
          </reporter-output>
        </test-method> <!-- endtest -->
      </class> <!-- tests.Orderproducts -->
    </test> <!-- Default test -->
  </suite> <!-- Default suite -->
</testng-results>
